C:\Program Files (x86)\Microsoft Visual Studio\2017\Community\Common7\IDE\VC\VCTargets\Microsoft.CppBuild.targets(391,5): warning MSB8028: The intermediate directory (x64\Debug\) contains files shared from another project (OpenCV_Ball_Detector.vcxproj).  This can lead to incorrect clean and rebuild behavior.
  MainForm.cpp
d:\done\opencv_ball_detector\mainform.h(28): warning C4244: 'initializing': conversion from 'double' to 'int', possible loss of data
d:\done\opencv_ball_detector\mainform.cpp(6): warning C4551: function call missing argument list
d:\done\opencv_ball_detector\mainform.cpp(7): warning C4551: function call missing argument list
c:\opencv3.1\opencv\build\include\opencv2\core\cvstd.hpp(599): warning C4793: 'cv::String::String': function compiled as native:
  	Found an intrinsic not supported in managed code
c:\opencv3.1\opencv\build\include\opencv2\core\mat.inl.hpp(392): warning C4793: 'cv::Mat::Mat': function compiled as native:
  	Found an intrinsic not supported in managed code
c:\opencv3.1\opencv\build\include\opencv2\core\mat.inl.hpp(681): warning C4793: 'cv::Mat::release': function compiled as native:
  	Found an intrinsic not supported in managed code
c:\opencv3.1\opencv\build\include\opencv2\core\mat.inl.hpp(1872): warning C4793: 'cv::SparseMat::addref': function compiled as native:
  	Found an intrinsic not supported in managed code
c:\opencv3.1\opencv\build\include\opencv2\core\mat.inl.hpp(3473): warning C4793: 'cv::UMat::addref': function compiled as native:
  	Found an intrinsic not supported in managed code
c:\opencv3.1\opencv\build\include\opencv2\core\ptr.inl.hpp(67): warning C4793: 'cv::detail::PtrOwner::incRef': function compiled as native:
  	Found an intrinsic not supported in managed code
c:\opencv3.1\opencv\build\include\opencv2\core\ptr.inl.hpp(72): warning C4793: 'cv::detail::PtrOwner::decRef': function compiled as native:
  	Found an intrinsic not supported in managed code
  jackylib.obj : MSIL module encountered; incremental linking is disabled for MSIL; performing full link
  OpenCV_Ball_Detector.vcxproj -> D:\done\x64\Debug\done.exe
